<?xml version="1.0" encoding="UTF-8"?>
<!-- Generated by org.testng.reporters.JUnitReportReporter -->
<testsuite skipped="0" hostname="Parithiyazhini" name="org.demo.FBLogin" tests="1" failures="0" timestamp="13 Jan 2024 14:58:52 GMT" time="16.660" errors="0">
  <testcase name="tc1" time="16.660" classname="org.demo.FBLogin"/>
</testsuite> <!-- org.demo.FBLogin -->
